<?xml version="1.0" encoding="UTF-8"?>
<!-- Generated by org.testng.reporters.JUnitReportReporter -->
<testsuite hostname="CJavaregowda-MAC.local" name="Testing" tests="1" failures="0" timestamp="27 Oct 2016 14:11:36 GMT" time="96.565" errors="0">
  <testcase name="example" time="96.565" classname="Testing"/>
</testsuite> <!-- Testing -->
