<?xml version="1.0" encoding="UTF-8"?>
<!-- Generated by org.testng.reporters.JUnitReportReporter -->
<testsuite hostname="CJavaregowda-MAC.local" name="Testing" tests="1" failures="0" timestamp="24 Oct 2016 10:16:31 GMT" time="0.029" errors="0">
  <testcase name="example" time="0.029" classname="Testing"/>
</testsuite> <!-- Testing -->
